Crawler 2016-11-21 21:23:37,960 CRITICAL database parameter must be string or APSW Connection object
Crawler 2016-11-21 21:23:37,961 CRITICAL Traceback (most recent call last):
  File "C:/Users/haish/Desktop/scrawstudy/spider.py", line 69, in __init__
    self.conn = sqlite3.connect(path) #连接sqlite
ValueError: database parameter must be string or APSW Connection object

Crawler 2016-11-21 21:27:27,020 CRITICAL database parameter must be string or APSW Connection object
Crawler 2016-11-21 21:27:27,020 CRITICAL Traceback (most recent call last):
  File "C:/Users/haish/Desktop/scrawstudy/spider.py", line 69, in __init__
    self.conn = sqlite3.connect(path) #连接sqlite
ValueError: database parameter must be string or APSW Connection object

Crawler 2016-11-21 21:27:39,788 CRITICAL database parameter must be string or APSW Connection object
Crawler 2016-11-21 21:27:39,789 CRITICAL Traceback (most recent call last):
  File "C:/Users/haish/Desktop/scrawstudy/spider.py", line 69, in __init__
    self.conn = sqlite3.connect(path) #连接sqlite
ValueError: database parameter must be string or APSW Connection object

Crawler 2016-11-21 21:34:34,552 CRITICAL database parameter must be string or APSW Connection object
Crawler 2016-11-21 21:34:34,552 CRITICAL Traceback (most recent call last):
  File "C:/Users/haish/Desktop/scrawstudy/spider.py", line 69, in __init__
    self.conn = sqlite3.connect(dbpath) #连接sqlite
ValueError: database parameter must be string or APSW Connection object

Crawler 2016-11-21 21:37:53,664 CRITICAL database parameter must be string or APSW Connection object
Crawler 2016-11-21 21:37:53,664 CRITICAL Traceback (most recent call last):
  File "C:/Users/haish/Desktop/scrawstudy/spider.py", line 69, in __init__
    self.conn = sqlite3.connect(dbpth) #连接sqlite
ValueError: database parameter must be string or APSW Connection object

Crawler 2016-11-21 21:39:28,026 CRITICAL database parameter must be string or APSW Connection object
Crawler 2016-11-21 21:39:28,026 CRITICAL Traceback (most recent call last):
  File "C:/Users/haish/Desktop/scrawstudy/spider.py", line 69, in __init__
    self.conn = sqlite3.connect(dbpth) #连接sqlite
ValueError: database parameter must be string or APSW Connection object

Crawler 2016-11-21 22:28:44,470 CRITICAL database parameter must be string or APSW Connection object
Crawler 2016-11-21 22:28:44,470 CRITICAL Traceback (most recent call last):
  File "C:/Users/haish/Desktop/scrawstudy/spider.py", line 69, in __init__
    self.conn = sqlite3.connect(dbpth) #连接sqlite
ValueError: database parameter must be string or APSW Connection object

